2021-04-09 11:16:18 上午 [Thread: main][ Class:org.springframework.context.support.ClassPathXmlApplicationContext >> Method: org.springframework.context.support.AbstractApplicationContext.prepareRefresh(AbstractApplicationContext.java:583) ]
INFO:Refreshing org.springframework.context.support.ClassPathXmlApplicationContext@d041cf: startup date [Fri Apr 09 11:16:18 CST 2021]; root of context hierarchy
2021-04-09 11:16:18 上午 [Thread: main][ Class:org.springframework.beans.factory.xml.XmlBeanDefinitionReader >> Method: org.springframework.beans.factory.xml.XmlBeanDefinitionReader.loadBeanDefinitions(XmlBeanDefinitionReader.java:317) ]
INFO:Loading XML bean definitions from class path resource [applictionContext.xml]
2021-04-09 11:18:28 上午 [Thread: main][ Class:org.springframework.context.support.ClassPathXmlApplicationContext >> Method: org.springframework.context.support.AbstractApplicationContext.prepareRefresh(AbstractApplicationContext.java:583) ]
INFO:Refreshing org.springframework.context.support.ClassPathXmlApplicationContext@d041cf: startup date [Fri Apr 09 11:18:28 CST 2021]; root of context hierarchy
2021-04-09 11:18:28 上午 [Thread: main][ Class:org.springframework.beans.factory.xml.XmlBeanDefinitionReader >> Method: org.springframework.beans.factory.xml.XmlBeanDefinitionReader.loadBeanDefinitions(XmlBeanDefinitionReader.java:317) ]
INFO:Loading XML bean definitions from class path resource [applicationContext.xml]
2021-04-09 11:20:11 上午 [Thread: main][ Class:org.springframework.context.support.ClassPathXmlApplicationContext >> Method: org.springframework.context.support.AbstractApplicationContext.prepareRefresh(AbstractApplicationContext.java:583) ]
INFO:Refreshing org.springframework.context.support.ClassPathXmlApplicationContext@d041cf: startup date [Fri Apr 09 11:20:11 CST 2021]; root of context hierarchy
2021-04-09 11:20:11 上午 [Thread: main][ Class:org.springframework.beans.factory.xml.XmlBeanDefinitionReader >> Method: org.springframework.beans.factory.xml.XmlBeanDefinitionReader.loadBeanDefinitions(XmlBeanDefinitionReader.java:317) ]
INFO:Loading XML bean definitions from class path resource [applicationContext.xml]
2021-04-09 11:20:12 上午 [Thread: main][ Class:org.springframework.context.support.ClassPathXmlApplicationContext >> Method: org.springframework.context.support.AbstractApplicationContext.refresh(AbstractApplicationContext.java:551) ]
WARN:Exception encountered during context initialization - cancelling refresh attempt: org.springframework.beans.factory.BeanCreationException: Error creating bean with name 'User' defined in class path resource [applicationContext.xml]: Error setting property values; nested exception is org.springframework.beans.NotWritablePropertyException: Invalid property 'userdao' of bean class [org.aop.User]: Bean property 'userdao' is not writable or has an invalid setter method. Does the parameter type of the setter match the return type of the getter?
2021-04-09 11:22:55 上午 [Thread: main][ Class:org.springframework.context.support.ClassPathXmlApplicationContext >> Method: org.springframework.context.support.AbstractApplicationContext.prepareRefresh(AbstractApplicationContext.java:583) ]
INFO:Refreshing org.springframework.context.support.ClassPathXmlApplicationContext@d041cf: startup date [Fri Apr 09 11:22:55 CST 2021]; root of context hierarchy
2021-04-09 11:22:55 上午 [Thread: main][ Class:org.springframework.beans.factory.xml.XmlBeanDefinitionReader >> Method: org.springframework.beans.factory.xml.XmlBeanDefinitionReader.loadBeanDefinitions(XmlBeanDefinitionReader.java:317) ]
INFO:Loading XML bean definitions from class path resource [applicationContext.xml]
2021-04-09 11:22:55 上午 [Thread: main][ Class:org.springframework.context.support.ClassPathXmlApplicationContext >> Method: org.springframework.context.support.AbstractApplicationContext.refresh(AbstractApplicationContext.java:551) ]
WARN:Exception encountered during context initialization - cancelling refresh attempt: org.springframework.beans.factory.BeanCreationException: Error creating bean with name 'UserService' defined in class path resource [applicationContext.xml]: Error setting property values; nested exception is org.springframework.beans.NotWritablePropertyException: Invalid property 'userdao' of bean class [org.service.impl.UserServiceImpl]: Bean property 'userdao' is not writable or has an invalid setter method. Did you mean 'userDao'?
2021-04-09 11:25:31 上午 [Thread: main][ Class:org.springframework.context.support.ClassPathXmlApplicationContext >> Method: org.springframework.context.support.AbstractApplicationContext.prepareRefresh(AbstractApplicationContext.java:583) ]
INFO:Refreshing org.springframework.context.support.ClassPathXmlApplicationContext@d041cf: startup date [Fri Apr 09 11:25:31 CST 2021]; root of context hierarchy
2021-04-09 11:25:32 上午 [Thread: main][ Class:org.springframework.beans.factory.xml.XmlBeanDefinitionReader >> Method: org.springframework.beans.factory.xml.XmlBeanDefinitionReader.loadBeanDefinitions(XmlBeanDefinitionReader.java:317) ]
INFO:Loading XML bean definitions from class path resource [applicationContext.xml]
2021-04-09 11:25:32 上午 [Thread: main][ Class:org.aop.User >> Method: org.aop.User.before(User.java:22) ]
INFO:调用org.service.impl.UserServiceImpl的add方法
2021-04-09 11:25:32 上午 [Thread: main][ Class:org.aop.User >> Method: org.aop.User.after(User.java:33) ]
INFO:调用org.service.impl.UserServiceImpl的add
